<?xml version="1.0" encoding="UTF-8"?>
<testng-results ignored="0" total="2" passed="2" failed="0" skipped="0">
  <reporter-output>
  </reporter-output>
  <suite started-at="2025-06-02T20:24:31 IST" name="Default suite" finished-at="2025-06-02T20:24:31 IST" duration-ms="116">
    <groups>
    </groups>
    <test started-at="2025-06-02T20:24:31 IST" name="Default test" finished-at="2025-06-02T20:24:31 IST" duration-ms="116">
      <class name="testscript.Annotations">
        <test-method is-config="true" signature="beforeSuite()[pri:0, instance:testscript.Annotations@f5958c9]" started-at="2025-06-02T20:24:31 IST" name="beforeSuite" finished-at="2025-06-02T20:24:31 IST" duration-ms="23" status="PASS">
          <reporter-output>
          </reporter-output>
        </test-method> <!-- beforeSuite -->
        <test-method is-config="true" signature="beforeTest()[pri:0, instance:testscript.Annotations@f5958c9]" started-at="2025-06-02T20:24:31 IST" name="beforeTest" finished-at="2025-06-02T20:24:31 IST" duration-ms="0" status="PASS">
          <reporter-output>
          </reporter-output>
        </test-method> <!-- beforeTest -->
        <test-method is-config="true" signature="beforeClass()[pri:0, instance:testscript.Annotations@f5958c9]" started-at="2025-06-02T20:24:31 IST" name="beforeClass" finished-at="2025-06-02T20:24:31 IST" duration-ms="1" status="PASS">
          <reporter-output>
          </reporter-output>
        </test-method> <!-- beforeClass -->
        <test-method is-config="true" signature="beforeMethod()[pri:0, instance:testscript.Annotations@f5958c9]" started-at="2025-06-02T20:24:31 IST" name="beforeMethod" finished-at="2025-06-02T20:24:31 IST" duration-ms="1" status="PASS">
          <reporter-output>
          </reporter-output>
        </test-method> <!-- beforeMethod -->
        <test-method signature="Test1()[pri:0, instance:testscript.Annotations@f5958c9]" started-at="2025-06-02T20:24:31 IST" name="Test1" finished-at="2025-06-02T20:24:31 IST" duration-ms="10" status="PASS">
          <reporter-output>
          </reporter-output>
        </test-method> <!-- Test1 -->
        <test-method is-config="true" signature="afterMethod()[pri:0, instance:testscript.Annotations@f5958c9]" started-at="2025-06-02T20:24:31 IST" name="afterMethod" finished-at="2025-06-02T20:24:31 IST" duration-ms="1" status="PASS">
          <reporter-output>
          </reporter-output>
        </test-method> <!-- afterMethod -->
        <test-method signature="Test2()[pri:0, instance:testscript.Annotations@f5958c9]" started-at="2025-06-02T20:24:31 IST" name="Test2" finished-at="2025-06-02T20:24:31 IST" duration-ms="3" status="PASS">
          <reporter-output>
          </reporter-output>
        </test-method> <!-- Test2 -->
        <test-method is-config="true" signature="beforeMethod()[pri:0, instance:testscript.Annotations@f5958c9]" started-at="2025-06-02T20:24:31 IST" name="beforeMethod" finished-at="2025-06-02T20:24:31 IST" duration-ms="0" status="PASS">
          <reporter-output>
          </reporter-output>
        </test-method> <!-- beforeMethod -->
        <test-method is-config="true" signature="afterMethod()[pri:0, instance:testscript.Annotations@f5958c9]" started-at="2025-06-02T20:24:31 IST" name="afterMethod" finished-at="2025-06-02T20:24:31 IST" duration-ms="1" status="PASS">
          <reporter-output>
          </reporter-output>
        </test-method> <!-- afterMethod -->
        <test-method is-config="true" signature="afterClass()[pri:0, instance:testscript.Annotations@f5958c9]" started-at="2025-06-02T20:24:31 IST" name="afterClass" finished-at="2025-06-02T20:24:31 IST" duration-ms="2" status="PASS">
          <reporter-output>
          </reporter-output>
        </test-method> <!-- afterClass -->
        <test-method is-config="true" signature="afterTest()[pri:0, instance:testscript.Annotations@f5958c9]" started-at="2025-06-02T20:24:31 IST" name="afterTest" finished-at="2025-06-02T20:24:31 IST" duration-ms="2" status="PASS">
          <reporter-output>
          </reporter-output>
        </test-method> <!-- afterTest -->
        <test-method is-config="true" signature="afterSuite()[pri:0, instance:testscript.Annotations@f5958c9]" started-at="2025-06-02T20:24:31 IST" name="afterSuite" finished-at="2025-06-02T20:24:31 IST" duration-ms="1" status="PASS">
          <reporter-output>
          </reporter-output>
        </test-method> <!-- afterSuite -->
      </class> <!-- testscript.Annotations -->
    </test> <!-- Default test -->
  </suite> <!-- Default suite -->
</testng-results>
