<?xml version="1.0" encoding="UTF-8"?>
<testng-results ignored="0" total="2" passed="2" failed="0" skipped="0">
  <reporter-output>
  </reporter-output>
  <suite started-at="2025-06-04T20:39:36 IST" name="Default suite" finished-at="2025-06-04T20:39:56 IST" duration-ms="19980">
    <groups>
    </groups>
    <test started-at="2025-06-04T20:39:36 IST" name="Default test" finished-at="2025-06-04T20:39:56 IST" duration-ms="19980">
      <class name="testscript.JavaScriptExecuter">
        <test-method is-config="true" signature="browserInitialisation()[pri:0, instance:testscript.JavaScriptExecuter@1bb5a082]" started-at="2025-06-04T20:39:36 IST" name="browserInitialisation" finished-at="2025-06-04T20:39:43 IST" duration-ms="7406" status="PASS">
          <reporter-output>
          </reporter-output>
        </test-method> <!-- browserInitialisation -->
        <test-method signature="javaScriptExecutor()[pri:0, instance:testscript.JavaScriptExecuter@1bb5a082]" started-at="2025-06-04T20:39:43 IST" name="javaScriptExecutor" finished-at="2025-06-04T20:39:44 IST" duration-ms="603" status="PASS">
          <reporter-output>
          </reporter-output>
        </test-method> <!-- javaScriptExecutor -->
        <test-method is-config="true" signature="closeMethods()[pri:0, instance:testscript.JavaScriptExecuter@1bb5a082]" started-at="2025-06-04T20:39:44 IST" name="closeMethods" finished-at="2025-06-04T20:39:45 IST" duration-ms="1435" status="PASS">
          <reporter-output>
          </reporter-output>
        </test-method> <!-- closeMethods -->
        <test-method is-config="true" signature="browserInitialisation()[pri:0, instance:testscript.JavaScriptExecuter@1bb5a082]" started-at="2025-06-04T20:39:45 IST" name="browserInitialisation" finished-at="2025-06-04T20:39:51 IST" duration-ms="5862" status="PASS">
          <reporter-output>
          </reporter-output>
        </test-method> <!-- browserInitialisation -->
        <test-method signature="scroll()[pri:0, instance:testscript.JavaScriptExecuter@1bb5a082]" started-at="2025-06-04T20:39:51 IST" name="scroll" finished-at="2025-06-04T20:39:54 IST" duration-ms="2879" status="PASS">
          <reporter-output>
          </reporter-output>
        </test-method> <!-- scroll -->
        <test-method is-config="true" signature="closeMethods()[pri:0, instance:testscript.JavaScriptExecuter@1bb5a082]" started-at="2025-06-04T20:39:54 IST" name="closeMethods" finished-at="2025-06-04T20:39:56 IST" duration-ms="1686" status="PASS">
          <reporter-output>
          </reporter-output>
        </test-method> <!-- closeMethods -->
      </class> <!-- testscript.JavaScriptExecuter -->
    </test> <!-- Default test -->
  </suite> <!-- Default suite -->
</testng-results>
